#
# A fatal error has been detected by the Java Runtime Environment:
#
#  SIGSEGV (0xb) at pc=0x000000010675b2ed, pid=15424, tid=13059
#
# JRE version: Java(TM) SE Runtime Environment (11.0.1+13) (build 11.0.1+13-LTS)
# Java VM: Java HotSpot(TM) 64-Bit Server VM (11.0.1+13-LTS, mixed mode, tiered, compressed oops, g1 gc, bsd-amd64)
# Problematic frame:
# V  [libjvm.dylib+0x35b2ed]  _ZN14GenerateOopMap8do_fieldEiiii+0x55
#
# No core dump will be written. Core dumps have been disabled. To enable core dumping, try "ulimit -c unlimited" before starting Java again
#
# If you would like to submit a bug report, please visit:
#   http://bugreport.java.com/bugreport/crash.jsp
#

---------------  S U M M A R Y ------------

Command Line: -agentlib:jdwp=transport=dt_socket,suspend=y,address=localhost:63749 -javaagent:/Applications/Eclipse.app/Contents/Eclipse/configuration/org.eclipse.osgi/685/0/.cp/lib/javaagent-shaded.jar -Dfile.encoding=UTF-8 TestStack

Host: MacBookAir7,2 x86_64 1600 MHz, 4 cores, 4G, Darwin 17.7.0
Time: Thu Feb 21 17:12:08 2019 MST elapsed time: 2186 seconds (0d 0h 36m 26s)

---------------  T H R E A D  ---------------

Current thread (0x00007fb61d04c000):  VMThread "VM Thread" [stack: 0x0000700006f36000,0x0000700007036000] [id=13059]

Stack: [0x0000700006f36000,0x0000700007036000],  sp=0x0000700007035660,  free space=1021k
Native frames: (J=compiled Java code, A=aot compiled Java code, j=interpreted, Vv=VM code, C=native code)
V  [libjvm.dylib+0x35b2ed]  _ZN14GenerateOopMap8do_fieldEiiii+0x55
V  [libjvm.dylib+0x359b10]  _ZN14GenerateOopMap9interp_bbEP10BasicBlock+0xe4
V  [libjvm.dylib+0x359828]  _ZN14GenerateOopMap10interp_allEv+0x3c
V  [libjvm.dylib+0x3594d9]  _ZN14GenerateOopMap17do_interpretationEv+0x4b
V  [libjvm.dylib+0x35bc93]  _ZN14GenerateOopMap11compute_mapEP6Thread+0x165
V  [libjvm.dylib+0x5f736e]  _ZN19OopMapForCacheEntry11compute_mapEP6Thread+0x54
V  [libjvm.dylib+0x5f7b44]  _ZN16OopMapCacheEntry4fillERK12methodHandlei+0xac
V  [libjvm.dylib+0x5f846d]  _ZN11OopMapCache19compute_one_oop_mapERK12methodHandleiP17InterpreterOopMap+0x5d
V  [libjvm.dylib+0x5bd03e]  _ZN6Method8mask_forEiP17InterpreterOopMap+0x7e
V  [libjvm.dylib+0x4cfa30]  _ZN16VM_GetOrSetLocal4doitEv+0x48
V  [libjvm.dylib+0x75ac69]  _ZN12VM_Operation8evaluateEv+0xd5
V  [libjvm.dylib+0x75a280]  _ZN8VMThread18evaluate_operationEP12VM_Operation+0x13a
V  [libjvm.dylib+0x759ccd]  _ZN8VMThread4loopEv+0xed
V  [libjvm.dylib+0x759af2]  _ZN8VMThread3runEv+0x76
V  [libjvm.dylib+0x600ad3]  _ZL19thread_native_entryP6Thread+0x135
C  [libsystem_pthread.dylib+0x3661]  _pthread_body+0x154
C  [libsystem_pthread.dylib+0x350d]  _pthread_body+0x0
C  [libsystem_pthread.dylib+0x2bf9]  thread_start+0xd


siginfo: si_signo: 11 (SIGSEGV), si_code: 1 (SEGV_MAPERR), si_addr: 0x0000000000000006

Register to memory mapping:

RAX=0x0 is NULL
RBX=0x0000000112dfc128 is pointing into metadata
RCX=0x0000000000194060 is an unknown value
RDX=0x0 is NULL
RSP=0x0000700007035660 points into unknown readable memory
RBP=0x00007000070356b0 points into unknown readable memory
RSI=0x0 is NULL
RDI=0x0000000112dfc128 is pointing into metadata
R8 =0x0000000000000040 is an unknown value
R9 =0x00007fb61cc19ba0 points into unknown readable memory
R10=0x000000002a000000 is an unknown value
R11=0xfffffffffe482650 is an unknown value
R12=0x0000700007035870 points into unknown readable memory
R13=0x0000000000000040 is an unknown value
R14=0x0 is NULL
R15=0x0000000000000001 is an unknown value


Registers:
RAX=0x0000000000000000, RBX=0x0000000112dfc128, RCX=0x0000000000194060, RDX=0x0000000000000000
RSP=0x0000700007035660, RBP=0x00007000070356b0, RSI=0x0000000000000000, RDI=0x0000000112dfc128
R8 =0x0000000000000040, R9 =0x00007fb61cc19ba0, R10=0x000000002a000000, R11=0xfffffffffe482650
R12=0x0000700007035870, R13=0x0000000000000040, R14=0x0000000000000000, R15=0x0000000000000001
RIP=0x000000010675b2ed, EFLAGS=0x0000000000010206, ERR=0x0000000000000004
  TRAPNO=0x000000000000000e

Top of Stack: (sp=0x0000700007035660)
0x0000700007035660:   00007000070356c8 00007fb61cd1be50
0x0000700007035670:   0000700007035690 000000010676c855
0x0000700007035680:   f2e5f17e90bd0075 0000700007035870
0x0000700007035690:   0000000000000050 0000700007035870
0x00007000070356a0:   00007fb61cd1be50 00007000070356c8
0x00007000070356b0:   0000700007035720 0000000106759b10
0x00007000070356c0:   0000000106d1f7a8 00007000070356e8
0x00007000070356d0:   0000000112dfdc78 00007fb61d04c000
0x00007000070356e0:   0000004300000040 000000cb00000050
0x00007000070356f0:   000000b412e50000 f2e5f17e90bd0075
0x0000700007035700:   00000000000000f0 00007fb61cd1bd00
0x0000700007035710:   0000700007035870 0000000000000006
0x0000700007035720:   0000700007035750 0000000106759828
0x0000700007035730:   0000000000000000 0000700007035870
0x0000700007035740:   00007fb61d04c000 00007fb61cd1bd00
0x0000700007035750:   0000700007035770 00000001067594d9
0x0000700007035760:   f2e5f17e90bd0075 0000700007035870
0x0000700007035770:   0000700007035810 000000010675bc93
0x0000700007035780:   0000000106b80100 0000000000000000
0x0000700007035790:   0000000000000002 0000000105b26000
0x00007000070357a0:   0000000000000004 0000000106bb568e
0x00007000070357b0:   0000000000000000 00007fb61cc70000
0x00007000070357c0:   0000000000000000 00007fff6a5a13bf
0x00007000070357d0:   0000700007035800 00007fff6a5a13bf
0x00007000070357e0:   0000000000000000 0000000000000000
0x00007000070357f0:   0000700007035870 0000700007035968
0x0000700007035800:   00007fb61d04c000 00007000070359f8
0x0000700007035810:   0000700007035860 00000001069f736e
0x0000700007035820:   00007fb61cc19a20 00007fb61cd1bca0
0x0000700007035830:   00007fb61cd1bcb0 00007fb61cd1c088
0x0000700007035840:   00000000000003d8 00007fb61cc794a0
0x0000700007035850:   000000000000004b 00007000070359f8 

Instructions: (pc=0x000000010675b2ed)
0x000000010675b2cd:   8b 58 08 31 d2 48 89 df 89 ce e8 8a 02 f1 ff 48
0x000000010675b2dd:   89 df 89 c6 e8 1c 03 f1 ff 48 98 48 8b 44 c3 40
0x000000010675b2ed:   8a 48 06 80 f9 4b 7e 2f 80 f9 5b 74 0a 80 f9 56
0x000000010675b2fd:   74 3f 80 f9 4c 75 31 48 8d 45 c0 41 81 e5 ff ff 

VM_Operation (0x000070000784d9a0): GetOrSetLocal, mode: safepoint, requested by thread 0x00007fb61e064000


---------------  P R O C E S S  ---------------

Threads class SMR info:
_java_thread_list=0x00007fb61cc6e6f0, length=12, elements={
0x00007fb61d817800, 0x00007fb61d06c000, 0x00007fb61d84b800, 0x00007fb61d062000,
0x00007fb61d065000, 0x00007fb61d066000, 0x00007fb61d067000, 0x00007fb61e04d800,
0x00007fb61e064000, 0x00007fb61d0da000, 0x00007fb61e09f000, 0x00007fb61d145800
}

Java Threads: ( => current thread )
  0x00007fb61d817800 JavaThread "main" [_thread_blocked, id=8707, stack(0x000000010717e000,0x000000010727e000)]
  0x00007fb61d06c000 JavaThread "Reference Handler" daemon [_thread_blocked, id=13827, stack(0x0000700007039000,0x0000700007139000)]
  0x00007fb61d84b800 JavaThread "Finalizer" daemon [_thread_blocked, id=18691, stack(0x000070000713c000,0x000070000723c000)]
  0x00007fb61d062000 JavaThread "Signal Dispatcher" daemon [_thread_blocked, id=17419, stack(0x000070000723f000,0x000070000733f000)]
  0x00007fb61d065000 JavaThread "C2 CompilerThread0" daemon [_thread_blocked, id=16387, stack(0x0000700007342000,0x0000700007442000)]
  0x00007fb61d066000 JavaThread "C1 CompilerThread0" daemon [_thread_blocked, id=43267, stack(0x0000700007445000,0x0000700007545000)]
  0x00007fb61d067000 JavaThread "Sweeper thread" daemon [_thread_blocked, id=22275, stack(0x0000700007548000,0x0000700007648000)]
  0x00007fb61e04d800 JavaThread "Common-Cleaner" daemon [_thread_blocked, id=22787, stack(0x000070000764b000,0x000070000774b000)]
  0x00007fb61e064000 JavaThread "JDWP Transport Listener: dt_socket" daemon [_thread_blocked, id=42243, stack(0x000070000774e000,0x000070000784e000)] _threads_hazard_ptr=0x00007fb61cc6e6f0
  0x00007fb61d0da000 JavaThread "JDWP Event Helper Thread" daemon [_thread_blocked, id=23299, stack(0x0000700007851000,0x0000700007951000)]
  0x00007fb61e09f000 JavaThread "JDWP Command Reader" daemon [_thread_in_native, id=23811, stack(0x0000700007954000,0x0000700007a54000)]
  0x00007fb61d145800 JavaThread "Service Thread" daemon [_thread_blocked, id=40963, stack(0x0000700007a57000,0x0000700007b57000)]

Other Threads:
=>0x00007fb61d04c000 VMThread "VM Thread" [stack: 0x0000700006f36000,0x0000700007036000] [id=13059]
  0x00007fb61d1ac800 WatcherThread [stack: 0x0000700007b5a000,0x0000700007c5a000] [id=24323]
  0x00007fb61d006800 GCTaskThread "GC Thread#0" [stack: 0x0000700006a27000,0x0000700006b27000] [id=12035]
  0x00007fb61d020000 ConcurrentGCThread "G1 Main Marker" [stack: 0x0000700006b2a000,0x0000700006c2a000] [id=20739]
  0x00007fb61d020800 ConcurrentGCThread "G1 Conc#0" [stack: 0x0000700006c2d000,0x0000700006d2d000] [id=19971]
  0x00007fb61d840000 ConcurrentGCThread "G1 Refine#0" [stack: 0x0000700006d30000,0x0000700006e30000] [id=19459]
  0x00007fb61e803800 ConcurrentGCThread "G1 Young RemSet Sampling" [stack: 0x0000700006e33000,0x0000700006f33000] [id=12803]

Threads with active compile tasks:

VM state:at safepoint (normal execution)

VM Mutex/Monitor currently owned by a thread:  ([mutex/lock_event])
[0x00007fb61cf0a000] Threads_lock - owner thread: 0x00007fb61d04c000

Heap address: 0x00000007c0000000, size: 1024 MB, Compressed Oops mode: Zero based, Oop shift amount: 3
Narrow klass base: 0x0000000800000000, Narrow klass shift: 0
Compressed class space size: 1073741824 Address: 0x0000000800000000

Heap:
 garbage-first heap   total 65536K, used 5120K [0x00000007c0000000, 0x0000000800000000)
  region size 1024K, 6 young (6144K), 0 survivors (0K)
 Metaspace       used 8929K, capacity 8995K, committed 9344K, reserved 1058816K
  class space    used 775K, capacity 802K, committed 896K, reserved 1048576K
Heap Regions: E=young(eden), S=young(survivor), O=old, HS=humongous(starts), HC=humongous(continues), CS=collection set, F=free, A=archive, TAMS=top-at-mark-start (previous, next)
|   0|0x00000007c0000000, 0x00000007c0000000, 0x00000007c0100000|  0%| F|  |TAMS 0x00000007c0000000, 0x00000007c0000000| Untracked 
|   1|0x00000007c0100000, 0x00000007c0100000, 0x00000007c0200000|  0%| F|  |TAMS 0x00000007c0100000, 0x00000007c0100000| Untracked 
|   2|0x00000007c0200000, 0x00000007c0200000, 0x00000007c0300000|  0%| F|  |TAMS 0x00000007c0200000, 0x00000007c0200000| Untracked 
|   3|0x00000007c0300000, 0x00000007c0300000, 0x00000007c0400000|  0%| F|  |TAMS 0x00000007c0300000, 0x00000007c0300000| Untracked 
|   4|0x00000007c0400000, 0x00000007c0400000, 0x00000007c0500000|  0%| F|  |TAMS 0x00000007c0400000, 0x00000007c0400000| Untracked 
|   5|0x00000007c0500000, 0x00000007c0500000, 0x00000007c0600000|  0%| F|  |TAMS 0x00000007c0500000, 0x00000007c0500000| Untracked 
|   6|0x00000007c0600000, 0x00000007c0600000, 0x00000007c0700000|  0%| F|  |TAMS 0x00000007c0600000, 0x00000007c0600000| Untracked 
|   7|0x00000007c0700000, 0x00000007c0700000, 0x00000007c0800000|  0%| F|  |TAMS 0x00000007c0700000, 0x00000007c0700000| Untracked 
|   8|0x00000007c0800000, 0x00000007c0800000, 0x00000007c0900000|  0%| F|  |TAMS 0x00000007c0800000, 0x00000007c0800000| Untracked 
|   9|0x00000007c0900000, 0x00000007c0900000, 0x00000007c0a00000|  0%| F|  |TAMS 0x00000007c0900000, 0x00000007c0900000| Untracked 
|  10|0x00000007c0a00000, 0x00000007c0a00000, 0x00000007c0b00000|  0%| F|  |TAMS 0x00000007c0a00000, 0x00000007c0a00000| Untracked 
|  11|0x00000007c0b00000, 0x00000007c0b00000, 0x00000007c0c00000|  0%| F|  |TAMS 0x00000007c0b00000, 0x00000007c0b00000| Untracked 
|  12|0x00000007c0c00000, 0x00000007c0c00000, 0x00000007c0d00000|  0%| F|  |TAMS 0x00000007c0c00000, 0x00000007c0c00000| Untracked 
|  13|0x00000007c0d00000, 0x00000007c0d00000, 0x00000007c0e00000|  0%| F|  |TAMS 0x00000007c0d00000, 0x00000007c0d00000| Untracked 
|  14|0x00000007c0e00000, 0x00000007c0e00000, 0x00000007c0f00000|  0%| F|  |TAMS 0x00000007c0e00000, 0x00000007c0e00000| Untracked 
|  15|0x00000007c0f00000, 0x00000007c0f00000, 0x00000007c1000000|  0%| F|  |TAMS 0x00000007c0f00000, 0x00000007c0f00000| Untracked 
|  16|0x00000007c1000000, 0x00000007c1000000, 0x00000007c1100000|  0%| F|  |TAMS 0x00000007c1000000, 0x00000007c1000000| Untracked 
|  17|0x00000007c1100000, 0x00000007c1100000, 0x00000007c1200000|  0%| F|  |TAMS 0x00000007c1100000, 0x00000007c1100000| Untracked 
|  18|0x00000007c1200000, 0x00000007c1200000, 0x00000007c1300000|  0%| F|  |TAMS 0x00000007c1200000, 0x00000007c1200000| Untracked 
|  19|0x00000007c1300000, 0x00000007c1300000, 0x00000007c1400000|  0%| F|  |TAMS 0x00000007c1300000, 0x00000007c1300000| Untracked 
|  20|0x00000007c1400000, 0x00000007c1400000, 0x00000007c1500000|  0%| F|  |TAMS 0x00000007c1400000, 0x00000007c1400000| Untracked 
|  21|0x00000007c1500000, 0x00000007c1500000, 0x00000007c1600000|  0%| F|  |TAMS 0x00000007c1500000, 0x00000007c1500000| Untracked 
|  22|0x00000007c1600000, 0x00000007c1600000, 0x00000007c1700000|  0%| F|  |TAMS 0x00000007c1600000, 0x00000007c1600000| Untracked 
|  23|0x00000007c1700000, 0x00000007c1700000, 0x00000007c1800000|  0%| F|  |TAMS 0x00000007c1700000, 0x00000007c1700000| Untracked 
|  24|0x00000007c1800000, 0x00000007c1800000, 0x00000007c1900000|  0%| F|  |TAMS 0x00000007c1800000, 0x00000007c1800000| Untracked 
|  25|0x00000007c1900000, 0x00000007c1900000, 0x00000007c1a00000|  0%| F|  |TAMS 0x00000007c1900000, 0x00000007c1900000| Untracked 
|  26|0x00000007c1a00000, 0x00000007c1a00000, 0x00000007c1b00000|  0%| F|  |TAMS 0x00000007c1a00000, 0x00000007c1a00000| Untracked 
|  27|0x00000007c1b00000, 0x00000007c1b00000, 0x00000007c1c00000|  0%| F|  |TAMS 0x00000007c1b00000, 0x00000007c1b00000| Untracked 
|  28|0x00000007c1c00000, 0x00000007c1c00000, 0x00000007c1d00000|  0%| F|  |TAMS 0x00000007c1c00000, 0x00000007c1c00000| Untracked 
|  29|0x00000007c1d00000, 0x00000007c1d00000, 0x00000007c1e00000|  0%| F|  |TAMS 0x00000007c1d00000, 0x00000007c1d00000| Untracked 
|  30|0x00000007c1e00000, 0x00000007c1e00000, 0x00000007c1f00000|  0%| F|  |TAMS 0x00000007c1e00000, 0x00000007c1e00000| Untracked 
|  31|0x00000007c1f00000, 0x00000007c1f00000, 0x00000007c2000000|  0%| F|  |TAMS 0x00000007c1f00000, 0x00000007c1f00000| Untracked 
|  32|0x00000007c2000000, 0x00000007c2000000, 0x00000007c2100000|  0%| F|  |TAMS 0x00000007c2000000, 0x00000007c2000000| Untracked 
|  33|0x00000007c2100000, 0x00000007c2100000, 0x00000007c2200000|  0%| F|  |TAMS 0x00000007c2100000, 0x00000007c2100000| Untracked 
|  34|0x00000007c2200000, 0x00000007c2200000, 0x00000007c2300000|  0%| F|  |TAMS 0x00000007c2200000, 0x00000007c2200000| Untracked 
|  35|0x00000007c2300000, 0x00000007c2300000, 0x00000007c2400000|  0%| F|  |TAMS 0x00000007c2300000, 0x00000007c2300000| Untracked 
|  36|0x00000007c2400000, 0x00000007c2400000, 0x00000007c2500000|  0%| F|  |TAMS 0x00000007c2400000, 0x00000007c2400000| Untracked 
|  37|0x00000007c2500000, 0x00000007c2500000, 0x00000007c2600000|  0%| F|  |TAMS 0x00000007c2500000, 0x00000007c2500000| Untracked 
|  38|0x00000007c2600000, 0x00000007c2600000, 0x00000007c2700000|  0%| F|  |TAMS 0x00000007c2600000, 0x00000007c2600000| Untracked 
|  39|0x00000007c2700000, 0x00000007c2700000, 0x00000007c2800000|  0%| F|  |TAMS 0x00000007c2700000, 0x00000007c2700000| Untracked 
|  40|0x00000007c2800000, 0x00000007c2800000, 0x00000007c2900000|  0%| F|  |TAMS 0x00000007c2800000, 0x00000007c2800000| Untracked 
|  41|0x00000007c2900000, 0x00000007c2900000, 0x00000007c2a00000|  0%| F|  |TAMS 0x00000007c2900000, 0x00000007c2900000| Untracked 
|  42|0x00000007c2a00000, 0x00000007c2a00000, 0x00000007c2b00000|  0%| F|  |TAMS 0x00000007c2a00000, 0x00000007c2a00000| Untracked 
|  43|0x00000007c2b00000, 0x00000007c2b00000, 0x00000007c2c00000|  0%| F|  |TAMS 0x00000007c2b00000, 0x00000007c2b00000| Untracked 
|  44|0x00000007c2c00000, 0x00000007c2c00000, 0x00000007c2d00000|  0%| F|  |TAMS 0x00000007c2c00000, 0x00000007c2c00000| Untracked 
|  45|0x00000007c2d00000, 0x00000007c2d00000, 0x00000007c2e00000|  0%| F|  |TAMS 0x00000007c2d00000, 0x00000007c2d00000| Untracked 
|  46|0x00000007c2e00000, 0x00000007c2e00000, 0x00000007c2f00000|  0%| F|  |TAMS 0x00000007c2e00000, 0x00000007c2e00000| Untracked 
|  47|0x00000007c2f00000, 0x00000007c2f00000, 0x00000007c3000000|  0%| F|  |TAMS 0x00000007c2f00000, 0x00000007c2f00000| Untracked 
|  48|0x00000007c3000000, 0x00000007c3000000, 0x00000007c3100000|  0%| F|  |TAMS 0x00000007c3000000, 0x00000007c3000000| Untracked 
|  49|0x00000007c3100000, 0x00000007c3100000, 0x00000007c3200000|  0%| F|  |TAMS 0x00000007c3100000, 0x00000007c3100000| Untracked 
|  50|0x00000007c3200000, 0x00000007c3200000, 0x00000007c3300000|  0%| F|  |TAMS 0x00000007c3200000, 0x00000007c3200000| Untracked 
|  51|0x00000007c3300000, 0x00000007c3300000, 0x00000007c3400000|  0%| F|  |TAMS 0x00000007c3300000, 0x00000007c3300000| Untracked 
|  52|0x00000007c3400000, 0x00000007c3400000, 0x00000007c3500000|  0%| F|  |TAMS 0x00000007c3400000, 0x00000007c3400000| Untracked 
|  53|0x00000007c3500000, 0x00000007c3500000, 0x00000007c3600000|  0%| F|  |TAMS 0x00000007c3500000, 0x00000007c3500000| Untracked 
|  54|0x00000007c3600000, 0x00000007c3600000, 0x00000007c3700000|  0%| F|  |TAMS 0x00000007c3600000, 0x00000007c3600000| Untracked 
|  55|0x00000007c3700000, 0x00000007c3700000, 0x00000007c3800000|  0%| F|  |TAMS 0x00000007c3700000, 0x00000007c3700000| Untracked 
|  56|0x00000007c3800000, 0x00000007c3800000, 0x00000007c3900000|  0%| F|  |TAMS 0x00000007c3800000, 0x00000007c3800000| Untracked 
|  57|0x00000007c3900000, 0x00000007c3900000, 0x00000007c3a00000|  0%| F|  |TAMS 0x00000007c3900000, 0x00000007c3900000| Untracked 
|  58|0x00000007c3a00000, 0x00000007c3a48690, 0x00000007c3b00000| 28%| E|  |TAMS 0x00000007c3a00000, 0x00000007c3a00000| Complete 
|  59|0x00000007c3b00000, 0x00000007c3c00000, 0x00000007c3c00000|100%| E|CS|TAMS 0x00000007c3b00000, 0x00000007c3b00000| Complete 
|  60|0x00000007c3c00000, 0x00000007c3d00000, 0x00000007c3d00000|100%| E|CS|TAMS 0x00000007c3c00000, 0x00000007c3c00000| Complete 
|  61|0x00000007c3d00000, 0x00000007c3e00000, 0x00000007c3e00000|100%| E|CS|TAMS 0x00000007c3d00000, 0x00000007c3d00000| Complete 
|  62|0x00000007c3e00000, 0x00000007c3f00000, 0x00000007c3f00000|100%| E|CS|TAMS 0x00000007c3e00000, 0x00000007c3e00000| Complete 
|  63|0x00000007c3f00000, 0x00000007c4000000, 0x00000007c4000000|100%| E|CS|TAMS 0x00000007c3f00000, 0x00000007c3f00000| Complete 

Card table byte_map: [0x000000010fde0000,0x000000010ffe0000] _byte_map_base: 0x000000010bfe0000

Marking Bits (Prev, Next): (CMBitMap*) 0x00007fb61d01b418, (CMBitMap*) 0x00007fb61d01b450
 Prev Bits: [0x00000001101e0000, 0x00000001111e0000)
 Next Bits: [0x00000001111e0000, 0x00000001121e0000)

Polling page: 0x0000000105b7c000

Metaspace:

Usage:
  Non-class:      8.00 MB capacity,     7.96 MB (>99%) used,    32.40 KB ( <1%) free+waste,     6.56 KB ( <1%) overhead. 
      Class:    802.00 KB capacity,   775.41 KB ( 97%) used,    24.16 KB (  3%) free+waste,     2.44 KB ( <1%) overhead. 
       Both:      8.78 MB capacity,     8.72 MB (>99%) used,    56.55 KB ( <1%) free+waste,     9.00 KB ( <1%) overhead. 

Virtual space:
  Non-class space:       10.00 MB reserved,       8.25 MB ( 82%) committed 
      Class space:        1.00 GB reserved,     896.00 KB ( <1%) committed 
             Both:        1.01 GB reserved,       9.12 MB ( <1%) committed 

Chunk freelists:
   Non-Class:  8.38 KB
       Class:  3.75 KB
        Both:  12.12 KB

CodeHeap 'non-profiled nmethods': size=120032Kb used=123Kb max_used=123Kb free=119909Kb
 bounds [0x000000011ba4f000, 0x000000011bcbf000, 0x0000000122f87000]
CodeHeap 'profiled nmethods': size=120032Kb used=792Kb max_used=792Kb free=119240Kb
 bounds [0x0000000114517000, 0x0000000114787000, 0x000000011ba4f000]
CodeHeap 'non-nmethods': size=5696Kb used=1123Kb max_used=1137Kb free=4572Kb
 bounds [0x0000000113f87000, 0x00000001141f7000, 0x0000000114517000]
 total_blobs=892 nmethods=434 adapters=272
 compilation: enabled
              stopped_count=0, restarted_count=0
 full_count=0

Compilation events (10 events):
Event: 2070.806 Thread 0x00007fb61d066000 nmethod 429 0x00000001145d9c90 code [0x00000001145d9f00, 0x00000001145da728]
Event: 2070.810 Thread 0x00007fb61d065000 nmethod 430 0x000000011ba6c390 code [0x000000011ba6c520, 0x000000011ba6c638]
Event: 2070.810 Thread 0x00007fb61d065000  431       4       org.eclipse.jdt.launching.internal.org.objectweb.asm.ClassReader::readUtf (44 bytes)
Event: 2070.842 Thread 0x00007fb61d065000 nmethod 431 0x000000011ba6c710 code [0x000000011ba6c8e0, 0x000000011ba6d338]
Event: 2093.140 Thread 0x00007fb61d066000  432       3       org.eclipse.jdt.launching.internal.org.objectweb.asm.Handler::getExceptionTableSize (10 bytes)
Event: 2093.140 Thread 0x00007fb61d066000 nmethod 432 0x00000001145dac10 code [0x00000001145dade0, 0x00000001145db030]
Event: 2155.177 Thread 0x00007fb61d066000  433       1       java.net.URL::getPath (5 bytes)
Event: 2155.177 Thread 0x00007fb61d066000 nmethod 433 0x000000011ba6d890 code [0x000000011ba6da40, 0x000000011ba6db50]
Event: 2155.233 Thread 0x00007fb61d066000  434       3       org.eclipse.jdt.launching.internal.org.objectweb.asm.ClassReader::readStackMapFrame (535 bytes)
Event: 2155.236 Thread 0x00007fb61d066000 nmethod 434 0x00000001145db190 code [0x00000001145db460, 0x00000001145dc7b8]

GC Heap History (0 events):
No events

Deoptimization events (0 events):
No events

Classes redefined (10 events):
Event: 661.027 Thread 0x00007fb61d04c000 redefined class name=ArrayStack, count=10
Event: 868.538 Thread 0x00007fb61d04c000 redefined class name=ArrayStack, count=11
Event: 945.081 Thread 0x00007fb61d04c000 redefined class name=ArrayStack, count=12
Event: 1969.424 Thread 0x00007fb61d04c000 redefined class name=ArrayStack, count=13
Event: 2008.092 Thread 0x00007fb61d04c000 redefined class name=ArrayStack, count=14
Event: 2060.808 Thread 0x00007fb61d04c000 redefined class name=ArrayStack, count=15
Event: 2070.809 Thread 0x00007fb61d04c000 redefined class name=ArrayStack, count=16
Event: 2085.090 Thread 0x00007fb61d04c000 redefined class name=ArrayStack, count=17
Event: 2093.142 Thread 0x00007fb61d04c000 redefined class name=ArrayStack, count=18
Event: 2155.208 Thread 0x00007fb61d04c000 redefined class name=ArrayStack, count=19

Internal exceptions (1 events):
Event: 1.802 Thread 0x00007fb61d817800 Exception <a 'java/lang/ArrayIndexOutOfBoundsException'{0x00000007c3b89738}: Index -1 out of bounds for length 30> (0x00000007c3b89738) thrown at [/scratch/mesos/slaves/83bb4d84-382c-4ead-b585-d8ef0018fefe-S19331/frameworks/1735e8a2-a1db-478c-8104-60c8b0a

Events (10 events):
Event: 2155.250 Executing VM operation: GetStackTrace done
Event: 2155.304 Executing VM operation: GetFrameCount
Event: 2155.304 Executing VM operation: GetFrameCount done
Event: 2155.304 Executing VM operation: GetOwnedMonitorInfo
Event: 2155.304 Executing VM operation: GetOwnedMonitorInfo done
Event: 2155.305 Executing VM operation: GetCurrentContendedMonitor
Event: 2155.305 Executing VM operation: GetCurrentContendedMonitor done
Event: 2186.659 Executing VM operation: GetFrameLocation
Event: 2186.660 Executing VM operation: GetFrameLocation done
Event: 2186.660 Executing VM operation: GetOrSetLocal


Dynamic libraries:
0x00007fff41d6e000 	/System/Library/Frameworks/Cocoa.framework/Versions/A/Cocoa
0x00007fff4e388000 	/System/Library/Frameworks/Security.framework/Versions/A/Security
0x00007fff409b0000 	/System/Library/Frameworks/ApplicationServices.framework/Versions/A/ApplicationServices
0x00007fff6a1e0000 	/usr/lib/libz.1.dylib
0x00007fff68111000 	/usr/lib/libSystem.B.dylib
0x00007fff42521000 	/System/Library/Frameworks/CoreFoundation.framework/Versions/A/CoreFoundation
0x00007fff44682000 	/System/Library/Frameworks/Foundation.framework/Versions/C/Foundation
0x00007fff697ca000 	/usr/lib/libobjc.A.dylib
0x00007fff3fb00000 	/System/Library/Frameworks/AppKit.framework/Versions/C/AppKit
0x00007fff420e6000 	/System/Library/Frameworks/CoreData.framework/Versions/A/CoreData
0x00007fff61a51000 	/System/Library/PrivateFrameworks/RemoteViewServices.framework/Versions/A/RemoteViewServices
0x00007fff661b6000 	/System/Library/PrivateFrameworks/UIFoundation.framework/Versions/A/UIFoundation
0x00007fff56850000 	/System/Library/PrivateFrameworks/DFRFoundation.framework/Versions/A/DFRFoundation
0x00007fff46cee000 	/System/Library/Frameworks/Metal.framework/Versions/A/Metal
0x00007fff569ed000 	/System/Library/PrivateFrameworks/DesktopServicesPriv.framework/Versions/A/DesktopServicesPriv
0x00007fff68d17000 	/usr/lib/libenergytrace.dylib
0x00007fff64221000 	/System/Library/PrivateFrameworks/SkyLight.framework/Versions/A/SkyLight
0x00007fff429c4000 	/System/Library/Frameworks/CoreGraphics.framework/Versions/A/CoreGraphics
0x00007fff6810c000 	/usr/lib/libScreenReader.dylib
0x00007fff3ea9a000 	/System/Library/Frameworks/Accelerate.framework/Versions/A/Accelerate
0x00007fff44dfc000 	/System/Library/Frameworks/IOSurface.framework/Versions/A/IOSurface
0x00007fff40efa000 	/System/Library/Frameworks/AudioToolbox.framework/Versions/A/AudioToolbox
0x00007fff4118a000 	/System/Library/Frameworks/AudioUnit.framework/Versions/A/AudioUnit
0x00007fff568e8000 	/System/Library/PrivateFrameworks/DataDetectorsCore.framework/Versions/A/DataDetectorsCore
0x00007fff41861000 	/System/Library/Frameworks/Carbon.framework/Versions/A/Frameworks/HIToolbox.framework/Versions/A/HIToolbox
0x00007fff68e71000 	/usr/lib/libicucore.A.dylib
0x00007fff4d906000 	/System/Library/Frameworks/QuartzCore.framework/Versions/A/QuartzCore
0x00007fff634d8000 	/System/Library/PrivateFrameworks/SignpostNotification.framework/Versions/A/SignpostNotification
0x00007fff41c47000 	/System/Library/Frameworks/Carbon.framework/Versions/A/Frameworks/SpeechRecognition.framework/Versions/A/SpeechRecognition
0x00007fff6826d000 	/usr/lib/libauto.dylib
0x00007fff6a0cf000 	/usr/lib/libxml2.2.dylib
0x00007fff564a1000 	/System/Library/PrivateFrameworks/CoreUI.framework/Versions/A/CoreUI
0x00007fff41fc2000 	/System/Library/Frameworks/CoreAudio.framework/Versions/A/CoreAudio
0x00007fff444bc000 	/System/Library/Frameworks/DiskArbitration.framework/Versions/A/DiskArbitration
0x00007fff690e5000 	/usr/lib/liblangid.dylib
0x00007fff5df5b000 	/System/Library/PrivateFrameworks/MultitouchSupport.framework/Versions/A/MultitouchSupport
0x00007fff44d5f000 	/System/Library/Frameworks/IOKit.framework/Versions/A/IOKit
0x00007fff67d9b000 	/usr/lib/libDiagnosticMessagesClient.dylib
0x00007fff4369a000 	/System/Library/Frameworks/CoreServices.framework/Versions/A/CoreServices
0x00007fff5fa8d000 	/System/Library/PrivateFrameworks/PerformanceAnalysis.framework/Versions/A/PerformanceAnalysis
0x00007fff4caa8000 	/System/Library/Frameworks/OpenGL.framework/Versions/A/OpenGL
0x00007fff41d7c000 	/System/Library/Frameworks/ColorSync.framework/Versions/A/ColorSync
0x00007fff42fd6000 	/System/Library/Frameworks/CoreImage.framework/Versions/A/CoreImage
0x00007fff4402a000 	/System/Library/Frameworks/CoreText.framework/Versions/A/CoreText
0x00007fff44e5a000 	/System/Library/Frameworks/ImageIO.framework/Versions/A/ImageIO
0x00007fff53198000 	/System/Library/PrivateFrameworks/Backup.framework/Versions/A/Backup
0x00007fff681bd000 	/usr/lib/libarchive.2.dylib
0x00007fff414ad000 	/System/Library/Frameworks/CFNetwork.framework/Versions/A/CFNetwork
0x00007fff4eb1b000 	/System/Library/Frameworks/SystemConfiguration.framework/Versions/A/SystemConfiguration
0x00007fff67cc4000 	/usr/lib/libCRFSuite.dylib
0x00007fff68346000 	/usr/lib/libc++.1.dylib
0x00007fff6839d000 	/usr/lib/libc++abi.dylib
0x00007fff6a28e000 	/usr/lib/system/libcache.dylib
0x00007fff6a293000 	/usr/lib/system/libcommonCrypto.dylib
0x00007fff6a29e000 	/usr/lib/system/libcompiler_rt.dylib
0x00007fff6a2a6000 	/usr/lib/system/libcopyfile.dylib
0x00007fff6a2b0000 	/usr/lib/system/libcorecrypto.dylib
0x00007fff6a3bd000 	/usr/lib/system/libdispatch.dylib
0x00007fff6a3f7000 	/usr/lib/system/libdyld.dylib
0x00007fff6a415000 	/usr/lib/system/libkeymgr.dylib
0x00007fff6a423000 	/usr/lib/system/liblaunch.dylib
0x00007fff6a424000 	/usr/lib/system/libmacho.dylib
0x00007fff6a429000 	/usr/lib/system/libquarantine.dylib
0x00007fff6a42c000 	/usr/lib/system/libremovefile.dylib
0x00007fff6a42e000 	/usr/lib/system/libsystem_asl.dylib
0x00007fff6a446000 	/usr/lib/system/libsystem_blocks.dylib
0x00007fff6a447000 	/usr/lib/system/libsystem_c.dylib
0x00007fff6a4d1000 	/usr/lib/system/libsystem_configuration.dylib
0x00007fff6a4d5000 	/usr/lib/system/libsystem_coreservices.dylib
0x00007fff6a4d9000 	/usr/lib/system/libsystem_darwin.dylib
0x00007fff6a4db000 	/usr/lib/system/libsystem_dnssd.dylib
0x00007fff6a4e2000 	/usr/lib/system/libsystem_info.dylib
0x00007fff6a553000 	/usr/lib/system/libsystem_m.dylib
0x00007fff6a59f000 	/usr/lib/system/libsystem_malloc.dylib
0x00007fff6a5bf000 	/usr/lib/system/libsystem_network.dylib
0x00007fff6a6f0000 	/usr/lib/system/libsystem_networkextension.dylib
0x00007fff6a6fb000 	/usr/lib/system/libsystem_notify.dylib
0x00007fff6a719000 	/usr/lib/system/libsystem_sandbox.dylib
0x00007fff6a71d000 	/usr/lib/system/libsystem_secinit.dylib
0x00007fff6a52c000 	/usr/lib/system/libsystem_kernel.dylib
0x00007fff6a705000 	/usr/lib/system/libsystem_platform.dylib
0x00007fff6a70d000 	/usr/lib/system/libsystem_pthread.dylib
0x00007fff6a71f000 	/usr/lib/system/libsystem_symptoms.dylib
0x00007fff6a727000 	/usr/lib/system/libsystem_trace.dylib
0x00007fff6a73c000 	/usr/lib/system/libunwind.dylib
0x00007fff6a742000 	/usr/lib/system/libxpc.dylib
0x00007fff67bd7000 	/usr/lib/closure/libclosured.dylib
0x00007fff68327000 	/usr/lib/libbsm.0.dylib
0x00007fff6a416000 	/usr/lib/system/libkxld.dylib
0x00007fff67fd5000 	/usr/lib/libOpenScriptingUtil.dylib
0x00007fff68696000 	/usr/lib/libcoretls.dylib
0x00007fff686af000 	/usr/lib/libcoretls_cfhelpers.dylib
0x00007fff69bcb000 	/usr/lib/libpam.2.dylib
0x00007fff69cf2000 	/usr/lib/libsqlite3.dylib
0x00007fff6a0be000 	/usr/lib/libxar.1.dylib
0x00007fff68338000 	/usr/lib/libbz2.1.0.dylib
0x00007fff690e7000 	/usr/lib/liblzma.5.dylib
0x00007fff695c8000 	/usr/lib/libnetwork.dylib
0x00007fff681a6000 	/usr/lib/libapple_nghttp2.dylib
0x00007fff69bd2000 	/usr/lib/libpcap.A.dylib
0x00007fff6826e000 	/usr/lib/libboringssl.dylib
0x00007fff6a059000 	/usr/lib/libusrtcp.dylib
0x00007fff681a5000 	/usr/lib/libapple_crypto.dylib
0x00007fff43a1d000 	/System/Library/Frameworks/CoreServices.framework/Versions/A/Frameworks/FSEvents.framework/Versions/A/FSEvents
0x00007fff43710000 	/System/Library/Frameworks/CoreServices.framework/Versions/A/Frameworks/CarbonCore.framework/Versions/A/CarbonCore
0x00007fff43be4000 	/System/Library/Frameworks/CoreServices.framework/Versions/A/Frameworks/Metadata.framework/Versions/A/Metadata
0x00007fff43c95000 	/System/Library/Frameworks/CoreServices.framework/Versions/A/Frameworks/OSServices.framework/Versions/A/OSServices
0x00007fff43cf6000 	/System/Library/Frameworks/CoreServices.framework/Versions/A/Frameworks/SearchKit.framework/Versions/A/SearchKit
0x00007fff4369b000 	/System/Library/Frameworks/CoreServices.framework/Versions/A/Frameworks/AE.framework/Versions/A/AE
0x00007fff43a26000 	/System/Library/Frameworks/CoreServices.framework/Versions/A/Frameworks/LaunchServices.framework/Versions/A/LaunchServices
0x00007fff439e8000 	/System/Library/Frameworks/CoreServices.framework/Versions/A/Frameworks/DictionaryServices.framework/Versions/A/DictionaryServices
0x00007fff43d65000 	/System/Library/Frameworks/CoreServices.framework/Versions/A/Frameworks/SharedFileList.framework/Versions/A/SharedFileList
0x00007fff47f24000 	/System/Library/Frameworks/NetFS.framework/Versions/A/NetFS
0x00007fff5e1ec000 	/System/Library/PrivateFrameworks/NetAuth.framework/Versions/A/NetAuth
0x00007fff67a6e000 	/System/Library/PrivateFrameworks/login.framework/Versions/A/Frameworks/loginsupport.framework/Versions/A/loginsupport
0x00007fff65e33000 	/System/Library/PrivateFrameworks/TCC.framework/Versions/A/TCC
0x00007fff691c8000 	/usr/lib/libmecabra.dylib
0x00007fff409b1000 	/System/Library/Frameworks/ApplicationServices.framework/Versions/A/Frameworks/ATS.framework/Versions/A/ATS
0x00007fff40d5f000 	/System/Library/Frameworks/ApplicationServices.framework/Versions/A/Frameworks/ColorSyncLegacy.framework/Versions/A/ColorSyncLegacy
0x00007fff40e03000 	/System/Library/Frameworks/ApplicationServices.framework/Versions/A/Frameworks/HIServices.framework/Versions/A/HIServices
0x00007fff40e56000 	/System/Library/Frameworks/ApplicationServices.framework/Versions/A/Frameworks/LangAnalysis.framework/Versions/A/LangAnalysis
0x00007fff40e65000 	/System/Library/Frameworks/ApplicationServices.framework/Versions/A/Frameworks/PrintCore.framework/Versions/A/PrintCore
0x00007fff40eb2000 	/System/Library/Frameworks/ApplicationServices.framework/Versions/A/Frameworks/QD.framework/Versions/A/QD
0x00007fff40eed000 	/System/Library/Frameworks/ApplicationServices.framework/Versions/A/Frameworks/SpeechSynthesis.framework/Versions/A/SpeechSynthesis
0x00007fff4243d000 	/System/Library/Frameworks/CoreDisplay.framework/Versions/A/CoreDisplay
0x00007fff3eab2000 	/System/Library/Frameworks/Accelerate.framework/Versions/A/Frameworks/vImage.framework/Versions/A/vImage
0x00007fff3f80c000 	/System/Library/Frameworks/Accelerate.framework/Versions/A/Frameworks/vecLib.framework/Versions/A/vecLib
0x00007fff3f5ac000 	/System/Library/Frameworks/Accelerate.framework/Versions/A/Frameworks/vecLib.framework/Versions/A/libvDSP.dylib
0x00007fff3f10c000 	/System/Library/Frameworks/Accelerate.framework/Versions/A/Frameworks/vecLib.framework/Versions/A/libBNNS.dylib
0x00007fff3f511000 	/System/Library/Frameworks/Accelerate.framework/Versions/A/Frameworks/vecLib.framework/Versions/A/libQuadrature.dylib
0x00007fff3f75a000 	/System/Library/Frameworks/Accelerate.framework/Versions/A/Frameworks/vecLib.framework/Versions/A/libvMisc.dylib
0x00007fff3f13b000 	/System/Library/Frameworks/Accelerate.framework/Versions/A/Frameworks/vecLib.framework/Versions/A/libLAPACK.dylib
0x00007fff3efb1000 	/System/Library/Frameworks/Accelerate.framework/Versions/A/Frameworks/vecLib.framework/Versions/A/libBLAS.dylib
0x00007fff3f4fb000 	/System/Library/Frameworks/Accelerate.framework/Versions/A/Frameworks/vecLib.framework/Versions/A/libLinearAlgebra.dylib
0x00007fff3f517000 	/System/Library/Frameworks/Accelerate.framework/Versions/A/Frameworks/vecLib.framework/Versions/A/libSparse.dylib
0x00007fff3f598000 	/System/Library/Frameworks/Accelerate.framework/Versions/A/Frameworks/vecLib.framework/Versions/A/libSparseBLAS.dylib
0x00007fff5b02c000 	/System/Library/PrivateFrameworks/GPUWrangler.framework/Versions/A/GPUWrangler
0x00007fff5c7bd000 	/System/Library/PrivateFrameworks/IOAccelerator.framework/Versions/A/IOAccelerator
0x00007fff5c7c8000 	/System/Library/PrivateFrameworks/IOPresentment.framework/Versions/A/IOPresentment
0x00007fff56862000 	/System/Library/PrivateFrameworks/DSExternalDisplay.framework/Versions/A/DSExternalDisplay
0x00007fff4bf27000 	/System/Library/Frameworks/OpenGL.framework/Versions/A/Libraries/libCoreFSCache.dylib
0x00007fff4417b000 	/System/Library/Frameworks/CoreVideo.framework/Versions/A/CoreVideo
0x00007fff5bda7000 	/System/Library/PrivateFrameworks/GraphVisualizer.framework/Versions/A/GraphVisualizer
0x00007fff46f25000 	/System/Library/Frameworks/MetalPerformanceShaders.framework/Versions/A/MetalPerformanceShaders
0x00007fff67dd3000 	/usr/lib/libFosl_dynamic.dylib
0x00007fff57936000 	/System/Library/PrivateFrameworks/FaceCore.framework/Versions/A/FaceCore
0x00007fff4ad22000 	/System/Library/Frameworks/OpenCL.framework/Versions/A/OpenCL
0x00007fff683d4000 	/usr/lib/libcompression.dylib
0x00007fff40ab0000 	/System/Library/Frameworks/ApplicationServices.framework/Versions/A/Frameworks/ATS.framework/Versions/A/Resources/libFontParser.dylib
0x00007fff40bd3000 	/System/Library/Frameworks/ApplicationServices.framework/Versions/A/Frameworks/ATS.framework/Versions/A/Resources/libFontRegistry.dylib
0x00007fff450c2000 	/System/Library/Frameworks/ImageIO.framework/Versions/A/Resources/libJPEG.dylib
0x00007fff453eb000 	/System/Library/Frameworks/ImageIO.framework/Versions/A/Resources/libTIFF.dylib
0x00007fff453c1000 	/System/Library/Frameworks/ImageIO.framework/Versions/A/Resources/libPng.dylib
0x00007fff44fd5000 	/System/Library/Frameworks/ImageIO.framework/Versions/A/Resources/libGIF.dylib
0x00007fff44fda000 	/System/Library/Frameworks/ImageIO.framework/Versions/A/Resources/libJP2.dylib
0x00007fff453e8000 	/System/Library/Frameworks/ImageIO.framework/Versions/A/Resources/libRadiance.dylib
0x00007fff528c3000 	/System/Library/PrivateFrameworks/AppleJPEG.framework/Versions/A/AppleJPEG
0x00007fff46d8c000 	/System/Library/Frameworks/MetalPerformanceShaders.framework/Frameworks/MPSCore.framework/Versions/A/MPSCore
0x00007fff46da8000 	/System/Library/Frameworks/MetalPerformanceShaders.framework/Frameworks/MPSImage.framework/Versions/A/MPSImage
0x00007fff46e3d000 	/System/Library/Frameworks/MetalPerformanceShaders.framework/Frameworks/MPSNeuralNetwork.framework/Versions/A/MPSNeuralNetwork
0x00007fff46e18000 	/System/Library/Frameworks/MetalPerformanceShaders.framework/Frameworks/MPSMatrix.framework/Versions/A/MPSMatrix
0x00007fff5dcbe000 	/System/Library/PrivateFrameworks/MetalTools.framework/Versions/A/MetalTools
0x00007fff4c0f2000 	/System/Library/Frameworks/OpenGL.framework/Versions/A/Libraries/libGLU.dylib
0x00007fff4bf32000 	/System/Library/Frameworks/OpenGL.framework/Versions/A/Libraries/libGFXShared.dylib
0x00007fff4bf3c000 	/System/Library/Frameworks/OpenGL.framework/Versions/A/Libraries/libGL.dylib
0x00007fff4bf48000 	/System/Library/Frameworks/OpenGL.framework/Versions/A/Libraries/libGLImage.dylib
0x00007fff4bf24000 	/System/Library/Frameworks/OpenGL.framework/Versions/A/Libraries/libCVMSPluginSupport.dylib
0x00007fff4bf2d000 	/System/Library/Frameworks/OpenGL.framework/Versions/A/Libraries/libCoreVMClient.dylib
0x00007fff68b81000 	/usr/lib/libcups.2.dylib
0x00007fff462f3000 	/System/Library/Frameworks/Kerberos.framework/Versions/A/Kerberos
0x00007fff44ab9000 	/System/Library/Frameworks/GSS.framework/Versions/A/GSS
0x00007fff69c85000 	/usr/lib/libresolv.9.dylib
0x00007fff68d7f000 	/usr/lib/libiconv.2.dylib
0x00007fff5be39000 	/System/Library/PrivateFrameworks/Heimdal.framework/Versions/A/Heimdal
0x00007fff68d4e000 	/usr/lib/libheimdal-asn1.dylib
0x00007fff4ad9a000 	/System/Library/Frameworks/OpenDirectory.framework/Versions/A/OpenDirectory
0x00007fff54bd9000 	/System/Library/PrivateFrameworks/CommonAuth.framework/Versions/A/CommonAuth
0x00007fff4ad7d000 	/System/Library/Frameworks/OpenDirectory.framework/Versions/A/Frameworks/CFOpenDirectory.framework/Versions/A/CFOpenDirectory
0x00007fff4e6b4000 	/System/Library/Frameworks/SecurityFoundation.framework/Versions/A/SecurityFoundation
0x00007fff51a88000 	/System/Library/PrivateFrameworks/APFS.framework/Versions/A/APFS
0x00007fff6a0ba000 	/usr/lib/libutil.dylib
0x00007fff52946000 	/System/Library/PrivateFrameworks/AppleSauce.framework/Versions/A/AppleSauce
0x00007fff5cfa5000 	/System/Library/PrivateFrameworks/LinguisticData.framework/Versions/A/LinguisticData
0x00007fff69101000 	/usr/lib/libmarisa.dylib
0x00007fff5cf5f000 	/System/Library/PrivateFrameworks/Lexicon.framework/Versions/A/Lexicon
0x00007fff67cfe000 	/usr/lib/libChineseTokenizer.dylib
0x00007fff683c3000 	/usr/lib/libcmph.dylib
0x00007fff5ce69000 	/System/Library/PrivateFrameworks/LanguageModeling.framework/Versions/A/LanguageModeling
0x00007fff556e8000 	/System/Library/PrivateFrameworks/CoreEmoji.framework/Versions/A/CoreEmoji
0x00007fff4e772000 	/System/Library/Frameworks/ServiceManagement.framework/Versions/A/ServiceManagement
0x00007fff53190000 	/System/Library/PrivateFrameworks/BackgroundTaskManagement.framework/Versions/A/BackgroundTaskManagement
0x00007fff6a1b7000 	/usr/lib/libxslt.1.dylib
0x00007fff41b71000 	/System/Library/Frameworks/Carbon.framework/Versions/A/Frameworks/Ink.framework/Versions/A/Ink
0x00007fff66048000 	/System/Library/PrivateFrameworks/TextureIO.framework/Versions/A/TextureIO
0x00007fff681e8000 	/usr/lib/libate.dylib
0x00007fff567c2000 	/System/Library/PrivateFrameworks/CrashReporterSupport.framework/Versions/A/CrashReporterSupport
0x00007fff63398000 	/System/Library/PrivateFrameworks/Sharing.framework/Versions/A/Sharing
0x00007fff5cbaa000 	/System/Library/PrivateFrameworks/IconServices.framework/Versions/A/IconServices
0x00007fff52dc0000 	/System/Library/PrivateFrameworks/AuthKit.framework/Versions/A/AuthKit
0x00007fff52746000 	/System/Library/PrivateFrameworks/Apple80211.framework/Versions/A/Apple80211
0x00007fff565d7000 	/System/Library/PrivateFrameworks/CoreUtils.framework/Versions/A/CoreUtils
0x00007fff441b6000 	/System/Library/Frameworks/CoreWLAN.framework/Versions/A/CoreWLAN
0x00007fff44bfb000 	/System/Library/Frameworks/IOBluetooth.framework/Versions/A/IOBluetooth
0x00007fff6185c000 	/System/Library/PrivateFrameworks/ProtocolBuffer.framework/Versions/A/ProtocolBuffer
0x00007fff5deb6000 	/System/Library/PrivateFrameworks/MobileKeyBag.framework/Versions/A/MobileKeyBag
0x00007fff55e8c000 	/System/Library/PrivateFrameworks/CorePhoneNumbers.framework/Versions/A/CorePhoneNumbers
0x00007fff5287e000 	/System/Library/PrivateFrameworks/AppleIDAuthSupport.framework/Versions/A/AppleIDAuthSupport
0x00007fff5ce55000 	/System/Library/PrivateFrameworks/KeychainCircle.framework/Versions/A/KeychainCircle
0x00007fff5675d000 	/System/Library/PrivateFrameworks/CoreWiFi.framework/Versions/A/CoreWiFi
0x00007fff420bc000 	/System/Library/Frameworks/CoreBluetooth.framework/Versions/A/CoreBluetooth
0x00007fff569ac000 	/System/Library/PrivateFrameworks/DebugSymbols.framework/Versions/A/DebugSymbols
0x00007fff5638d000 	/System/Library/PrivateFrameworks/CoreSymbolication.framework/Versions/A/CoreSymbolication
0x00007fff65839000 	/System/Library/PrivateFrameworks/Symbolication.framework/Versions/A/Symbolication
0x00007fff52770000 	/System/Library/PrivateFrameworks/AppleFSCompression.framework/Versions/A/AppleFSCompression
0x00007fff64c86000 	/System/Library/PrivateFrameworks/SpeechRecognitionCore.framework/Versions/A/SpeechRecognitionCore
0x0000000106400000 	/Library/Java/JavaVirtualMachines/jdk-11.0.1.jdk/Contents/Home/lib/server/libjvm.dylib
0x0000000105b42000 	/Library/Java/JavaVirtualMachines/jdk-11.0.1.jdk/Contents/Home/lib/libverify.dylib
0x0000000105b4e000 	/Library/Java/JavaVirtualMachines/jdk-11.0.1.jdk/Contents/Home/lib/libjava.dylib
0x0000000105b7e000 	/Library/Java/JavaVirtualMachines/jdk-11.0.1.jdk/Contents/Home/lib/libjdwp.dylib
0x0000000105bb6000 	/Library/Java/JavaVirtualMachines/jdk-11.0.1.jdk/Contents/Home/lib/libinstrument.dylib
0x0000000105bde000 	/Library/Java/JavaVirtualMachines/jdk-11.0.1.jdk/Contents/Home/lib/libzip.dylib
0x0000000105be6000 	/Library/Java/JavaVirtualMachines/jdk-11.0.1.jdk/Contents/Home/lib/libjimage.dylib
0x0000000112f2a000 	/Library/Java/JavaVirtualMachines/jdk-11.0.1.jdk/Contents/Home/lib/libdt_socket.dylib
0x0000000112f30000 	/Library/Java/JavaVirtualMachines/jdk-11.0.1.jdk/Contents/Home/lib/libnio.dylib
0x0000000112f3e000 	/Library/Java/JavaVirtualMachines/jdk-11.0.1.jdk/Contents/Home/lib/./libnet.dylib


VM Arguments:
jvm_args: -agentlib:jdwp=transport=dt_socket,suspend=y,address=localhost:63749 -javaagent:/Applications/Eclipse.app/Contents/Eclipse/configuration/org.eclipse.osgi/685/0/.cp/lib/javaagent-shaded.jar -Dfile.encoding=UTF-8 
java_command: TestStack
java_class_path (initial): /Users/davidgeorge/1027/02/bin
Launcher Type: SUN_STANDARD

[Global flags]
     intx CICompilerCount                          = 3                                         {product} {ergonomic}
     uint ConcGCThreads                            = 1                                         {product} {ergonomic}
     uint G1ConcRefinementThreads                  = 4                                         {product} {ergonomic}
   size_t G1HeapRegionSize                         = 1048576                                   {product} {ergonomic}
    uintx GCDrainStackTargetSize                   = 64                                        {product} {ergonomic}
   size_t InitialHeapSize                          = 67108864                                  {product} {ergonomic}
   size_t MarkStackSize                            = 4194304                                   {product} {ergonomic}
   size_t MaxHeapSize                              = 1073741824                                {product} {ergonomic}
   size_t MaxNewSize                               = 643825664                                 {product} {ergonomic}
   size_t MinHeapDeltaBytes                        = 1048576                                   {product} {ergonomic}
    uintx NonNMethodCodeHeapSize                   = 5830092                                {pd product} {ergonomic}
    uintx NonProfiledCodeHeapSize                  = 122914074                              {pd product} {ergonomic}
    uintx ProfiledCodeHeapSize                     = 122914074                              {pd product} {ergonomic}
    uintx ReservedCodeCacheSize                    = 251658240                              {pd product} {ergonomic}
     bool SegmentedCodeCache                       = true                                      {product} {ergonomic}
     bool UseCompressedClassPointers               = true                                 {lp64_product} {ergonomic}
     bool UseCompressedOops                        = true                                 {lp64_product} {ergonomic}
     bool UseG1GC                                  = true                                      {product} {ergonomic}

Logging:
Log output configuration:
 #0: stdout all=warning uptime,level,tags
 #1: stderr all=off uptime,level,tags

Environment Variables:
PATH=/usr/bin:/bin:/usr/sbin:/sbin
SHELL=/bin/bash

Signal Handlers:
SIGSEGV: [libjvm.dylib+0x7525b4], sa_mask[0]=11111111011111110111111111111111, sa_flags=SA_ONSTACK|SA_RESTART|SA_SIGINFO
SIGBUS: [libjvm.dylib+0x7525b4], sa_mask[0]=11111111011111110111111111111111, sa_flags=SA_RESTART|SA_SIGINFO
SIGFPE: [libjvm.dylib+0x7525b4], sa_mask[0]=11111111011111110111111111111111, sa_flags=SA_RESTART|SA_SIGINFO
SIGPIPE: [libjvm.dylib+0x602b72], sa_mask[0]=11111111011111110111111111111111, sa_flags=SA_RESTART|SA_SIGINFO
SIGXFSZ: [libjvm.dylib+0x602b72], sa_mask[0]=11111111011111110111111111111111, sa_flags=SA_RESTART|SA_SIGINFO
SIGILL: [libjvm.dylib+0x7525b4], sa_mask[0]=11111111011111110111111111111111, sa_flags=SA_RESTART|SA_SIGINFO
SIGUSR2: [libjvm.dylib+0x603157], sa_mask[0]=00100000000000000000000000000000, sa_flags=SA_RESTART|SA_SIGINFO
SIGHUP: [libjvm.dylib+0x601bb3], sa_mask[0]=11111111011111110111111111111111, sa_flags=SA_RESTART|SA_SIGINFO
SIGINT: [libjvm.dylib+0x601bb3], sa_mask[0]=11111111011111110111111111111111, sa_flags=SA_RESTART|SA_SIGINFO
SIGTERM: [libjvm.dylib+0x601bb3], sa_mask[0]=11111111011111110111111111111111, sa_flags=SA_RESTART|SA_SIGINFO
SIGQUIT: [libjvm.dylib+0x601bb3], sa_mask[0]=11111111011111110111111111111111, sa_flags=SA_RESTART|SA_SIGINFO


---------------  S Y S T E M  ---------------

OS:uname:Darwin 17.7.0 Darwin Kernel Version 17.7.0: Thu Jun 21 22:53:14 PDT 2018; root:xnu-4570.71.2~1/RELEASE_X86_64 x86_64
rlimit: STACK 8192k, CORE 0k, NPROC 709, NOFILE 10240, AS infinity, DATA infinity, FSIZE infinity
load average:1.38 1.67 1.74

CPU:total 4 (initial active 4) (2 cores per cpu, 2 threads per core) family 6 model 61 stepping 4, cmov, cx8, fxsr, mmx, sse, sse2, sse3, ssse3, sse4.1, sse4.2, popcnt, avx, avx2, aes, clmul, erms, 3dnowpref, lzcnt, ht, tsc, tscinvbit, bmi1, bmi2, adx, fma

Memory: 4k page, physical 4194304k(30360k free)

vm_info: Java HotSpot(TM) 64-Bit Server VM (11.0.1+13-LTS) for bsd-amd64 JRE (11.0.1+13-LTS), built on Oct  6 2018 12:16:08 by "mach5one" with gcc 4.2.1 Compatible Apple LLVM 9.1.0 (clang-902.0.39.2)

END.
